{"meta": {"format": 3, "version": "7.13.0", "timestamp": "2025-12-27T17:04:46.212760", "branch_coverage": false, "show_contexts": false}, "files": {"cvextract/__init__.py": {"executed_lines": [3, 8, 9, 10, 12], "summary": {"covered_lines": 5, "num_statements": 5, "percent_covered": 100.0, "percent_covered_display": "100", "missing_lines": 0, "excluded_lines": 0, "percent_statements_covered": 100.0, "percent_statements_covered_display": "100"}, "missing_lines": [], "excluded_lines": [], "functions": {"": {"executed_lines": [3, 8, 9, 10, 12], "summary": {"covered_lines": 5, "num_statements": 5, "percent_covered": 100.0, "percent_covered_display": "100", "missing_lines": 0, "excluded_lines": 0, "percent_statements_covered": 100.0, "percent_statements_covered_display": "100"}, "missing_lines": [], "excluded_lines": []}}, "classes": {"": {"executed_lines": [3, 8, 9, 10, 12], "summary": {"covered_lines": 5, "num_statements": 5, "percent_covered": 100.0, "percent_covered_display": "100", "missing_lines": 0, "excluded_lines": 0, "percent_statements_covered": 100.0, "percent_statements_covered_display": "100"}, "missing_lines": [], "excluded_lines": []}}}, "cvextract/body_parser.py": {"executed_lines": [1, 13, 15, 16, 17, 19, 20, 24, 30, 36, 43, 48, 53, 54, 56, 57, 58, 60, 62, 63, 64, 66, 67, 68, 69, 71, 74, 75, 76, 77, 78, 79, 80, 81, 82, 83, 85, 86, 87, 89, 91, 92, 93, 94, 95, 97, 98, 99, 100, 101, 102, 104, 105, 106, 107, 109, 110, 112, 113, 114], "summary": {"covered_lines": 59, "num_statements": 59, "percent_covered": 100.0, "percent_covered_display": "100", "missing_lines": 0, "excluded_lines": 0, "percent_statements_covered": 100.0, "percent_statements_covered_display": "100"}, "missing_lines": [], "excluded_lines": [], "functions": {"parse_cv_from_docx_body": {"executed_lines": [53, 54, 56, 57, 58, 60, 66, 67, 68, 69, 71, 74, 75, 76, 77, 78, 79, 80, 81, 82, 83, 85, 86, 87, 89, 91, 92, 93, 94, 95, 97, 98, 99, 100, 101, 102, 104, 105, 106, 107, 109, 110, 112, 113, 114], "summary": {"covered_lines": 45, "num_statements": 45, "percent_covered": 100.0, "percent_covered_display": "100", "missing_lines": 0, "excluded_lines": 0, "percent_statements_covered": 100.0, "percent_statements_covered_display": "100"}, "missing_lines": [], "excluded_lines": []}, "parse_cv_from_docx_body.flush_current": {"executed_lines": [62, 63, 64], "summary": {"covered_lines": 3, "num_statements": 3, "percent_covered": 100.0, "percent_covered_display": "100", "missing_lines": 0, "excluded_lines": 0, "percent_statements_covered": 100.0, "percent_statements_covered_display": "100"}, "missing_lines": [], "excluded_lines": []}, "": {"executed_lines": [1, 13, 15, 16, 17, 19, 20, 24, 30, 36, 43, 48], "summary": {"covered_lines": 11, "num_statements": 11, "percent_covered": 100.0, "percent_covered_display": "100", "missing_lines": 0, "excluded_lines": 0, "percent_statements_covered": 100.0, "percent_statements_covered_display": "100"}, "missing_lines": [], "excluded_lines": []}}, "classes": {"": {"executed_lines": [1, 13, 15, 16, 17, 19, 20, 24, 30, 36, 43, 48, 53, 54, 56, 57, 58, 60, 62, 63, 64, 66, 67, 68, 69, 71, 74, 75, 76, 77, 78, 79, 80, 81, 82, 83, 85, 86, 87, 89, 91, 92, 93, 94, 95, 97, 98, 99, 100, 101, 102, 104, 105, 106, 107, 109, 110, 112, 113, 114], "summary": {"covered_lines": 59, "num_statements": 59, "percent_covered": 100.0, "percent_covered_display": "100", "missing_lines": 0, "excluded_lines": 0, "percent_statements_covered": 100.0, "percent_statements_covered_display": "100"}, "missing_lines": [], "excluded_lines": []}}}, "cvextract/cli.py": {"executed_lines": [2, 11, 13, 14, 15, 16, 17, 19, 20, 24, 25, 26, 28, 29, 31, 32, 38, 40, 41, 78, 79, 80, 81, 83, 84, 85, 89, 90, 91, 92, 94, 95, 97, 98, 100, 102, 103, 104, 105, 108, 109, 110, 113, 114, 119, 120, 121, 122, 123, 124, 125, 127, 128, 129, 133, 134, 135, 136, 137, 138, 140, 141, 142, 143, 147, 152], "summary": {"covered_lines": 65, "num_statements": 68, "percent_covered": 95.58823529411765, "percent_covered_display": "96", "missing_lines": 3, "excluded_lines": 0, "percent_statements_covered": 95.58823529411765, "percent_statements_covered_display": "96"}, "missing_lines": [115, 116, 153], "excluded_lines": [], "functions": {"collect_inputs": {"executed_lines": [25, 26, 28, 29, 31, 32, 38], "summary": {"covered_lines": 7, "num_statements": 7, "percent_covered": 100.0, "percent_covered_display": "100", "missing_lines": 0, "excluded_lines": 0, "percent_statements_covered": 100.0, "percent_statements_covered_display": "100"}, "missing_lines": [], "excluded_lines": []}, "parse_args": {"executed_lines": [41, 78, 79, 80, 81, 83, 84, 85, 89, 90, 91, 92], "summary": {"covered_lines": 12, "num_statements": 12, "percent_covered": 100.0, "percent_covered_display": "100", "missing_lines": 0, "excluded_lines": 0, "percent_statements_covered": 100.0, "percent_statements_covered_display": "100"}, "missing_lines": [], "excluded_lines": []}, "main": {"executed_lines": [95, 97, 98, 100, 102, 103, 104, 105, 108, 109, 110, 113, 114, 119, 120, 121, 122, 123, 124, 125, 127, 128, 129, 133, 134, 135, 136, 137, 138, 140, 141, 142, 143, 147], "summary": {"covered_lines": 34, "num_statements": 36, "percent_covered": 94.44444444444444, "percent_covered_display": "94", "missing_lines": 2, "excluded_lines": 0, "percent_statements_covered": 94.44444444444444, "percent_statements_covered_display": "94"}, "missing_lines": [115, 116], "excluded_lines": []}, "": {"executed_lines": [2, 11, 13, 14, 15, 16, 17, 19, 20, 24, 40, 94, 152], "summary": {"covered_lines": 12, "num_statements": 13, "percent_covered": 92.3076923076923, "percent_covered_display": "92", "missing_lines": 1, "excluded_lines": 0, "percent_statements_covered": 92.3076923076923, "percent_statements_covered_display": "92"}, "missing_lines": [153], "excluded_lines": []}}, "classes": {"": {"executed_lines": [2, 11, 13, 14, 15, 16, 17, 19, 20, 24, 25, 26, 28, 29, 31, 32, 38, 40, 41, 78, 79, 80, 81, 83, 84, 85, 89, 90, 91, 92, 94, 95, 97, 98, 100, 102, 103, 104, 105, 108, 109, 110, 113, 114, 119, 120, 121, 122, 123, 124, 125, 127, 128, 129, 133, 134, 135, 136, 137, 138, 140, 141, 142, 143, 147, 152], "summary": {"covered_lines": 65, "num_statements": 68, "percent_covered": 95.58823529411765, "percent_covered_display": "96", "missing_lines": 3, "excluded_lines": 0, "percent_statements_covered": 95.58823529411765, "percent_statements_covered_display": "96"}, "missing_lines": [115, 116, 153], "excluded_lines": []}}}, "cvextract/customer_adjust.py": {"executed_lines": [1, 13, 15, 16, 17, 18, 19, 20, 22, 24, 25, 29, 31, 35, 38, 53, 55, 57, 59, 62, 65, 67, 71, 72, 74, 77, 78, 79, 80, 81, 82, 83, 84, 85, 88, 89, 90, 91, 92, 93, 94, 95, 96, 97, 100, 102, 105, 124, 125, 126, 127, 129, 130, 131, 132, 133, 136, 137, 138, 141, 142, 143, 144, 147, 183, 184, 185, 192, 193, 194, 195, 198, 199, 200, 201, 202, 205, 206, 207, 210, 211, 212, 213, 214, 215, 219, 220, 222, 223, 224, 226, 227, 228, 231, 253, 254, 256, 257, 258, 261, 264, 265, 266, 268, 271, 272, 273, 274, 275, 276, 277, 278, 281, 282, 286, 287, 288, 290, 291, 292, 293, 296, 297, 310, 311, 315, 316, 329, 330, 342, 533, 540, 542, 550, 551, 552, 553, 555, 556, 557, 558, 559, 562, 563, 564, 565, 566, 567], "summary": {"covered_lines": 147, "num_statements": 184, "percent_covered": 79.8913043478261, "percent_covered_display": "80", "missing_lines": 37, "excluded_lines": 4, "percent_statements_covered": 79.8913043478261, "percent_statements_covered_display": "80"}, "missing_lines": [216, 217, 283, 284, 298, 299, 300, 301, 302, 303, 304, 305, 306, 307, 312, 317, 318, 319, 320, 321, 322, 323, 324, 325, 326, 331, 332, 333, 334, 335, 336, 337, 338, 339, 340, 560, 561], "excluded_lines": [26, 27, 32, 33], "functions": {"_url_to_cache_filename": {"executed_lines": [53, 55, 57, 59, 62, 65, 67], "summary": {"covered_lines": 7, "num_statements": 7, "percent_covered": 100.0, "percent_covered_display": "100", "missing_lines": 0, "excluded_lines": 0, "percent_statements_covered": 100.0, "percent_statements_covered_display": "100"}, "missing_lines": [], "excluded_lines": []}, "_load_research_schema": {"executed_lines": [77, 78, 79, 80, 81, 82, 83, 84, 85], "summary": {"covered_lines": 9, "num_statements": 9, "percent_covered": 100.0, "percent_covered_display": "100", "missing_lines": 0, "excluded_lines": 0, "percent_statements_covered": 100.0, "percent_statements_covered_display": "100"}, "missing_lines": [], "excluded_lines": []}, "_fetch_customer_page": {"executed_lines": [89, 90, 91, 92, 93, 94, 95, 96, 97], "summary": {"covered_lines": 9, "num_statements": 9, "percent_covered": 100.0, "percent_covered_display": "100", "missing_lines": 0, "excluded_lines": 0, "percent_statements_covered": 100.0, "percent_statements_covered_display": "100"}, "missing_lines": [], "excluded_lines": []}, "_validate_research_data": {"executed_lines": [102], "summary": {"covered_lines": 1, "num_statements": 1, "percent_covered": 100.0, "percent_covered_display": "100", "missing_lines": 0, "excluded_lines": 0, "percent_statements_covered": 100.0, "percent_statements_covered_display": "100"}, "missing_lines": [], "excluded_lines": []}, "_research_company_profile": {"executed_lines": [124, 125, 126, 127, 129, 130, 131, 132, 133, 136, 137, 138, 141, 142, 143, 144, 147, 183, 184, 185, 192, 193, 194, 195, 198, 199, 200, 201, 202, 205, 206, 207, 210, 211, 212, 213, 214, 215, 219, 220, 222, 223, 224, 226, 227, 228], "summary": {"covered_lines": 46, "num_statements": 48, "percent_covered": 95.83333333333333, "percent_covered_display": "96", "missing_lines": 2, "excluded_lines": 0, "percent_statements_covered": 95.83333333333333, "percent_statements_covered_display": "96"}, "missing_lines": [216, 217], "excluded_lines": []}, "adjust_for_customer": {"executed_lines": [253, 254, 256, 257, 258, 261, 264, 265, 266, 268, 271, 272, 273, 274, 275, 276, 277, 278, 281, 282, 286, 287, 288, 290, 291, 292, 293, 296, 297, 310, 311, 315, 316, 329, 330, 342, 533, 540, 542, 550, 551, 552, 553, 555, 556, 557, 558, 559, 562, 563, 564, 565, 566, 567], "summary": {"covered_lines": 54, "num_statements": 89, "percent_covered": 60.674157303370784, "percent_covered_display": "61", "missing_lines": 35, "excluded_lines": 0, "percent_statements_covered": 60.674157303370784, "percent_statements_covered_display": "61"}, "missing_lines": [283, 284, 298, 299, 300, 301, 302, 303, 304, 305, 306, 307, 312, 317, 318, 319, 320, 321, 322, 323, 324, 325, 326, 331, 332, 333, 334, 335, 336, 337, 338, 339, 340, 560, 561], "excluded_lines": []}, "": {"executed_lines": [1, 13, 15, 16, 17, 18, 19, 20, 22, 24, 25, 29, 31, 35, 38, 71, 72, 74, 88, 100, 105, 231], "summary": {"covered_lines": 21, "num_statements": 21, "percent_covered": 100.0, "percent_covered_display": "100", "missing_lines": 0, "excluded_lines": 4, "percent_statements_covered": 100.0, "percent_statements_covered_display": "100"}, "missing_lines": [], "excluded_lines": [26, 27, 32, 33]}}, "classes": {"": {"executed_lines": [1, 13, 15, 16, 17, 18, 19, 20, 22, 24, 25, 29, 31, 35, 38, 53, 55, 57, 59, 62, 65, 67, 71, 72, 74, 77, 78, 79, 80, 81, 82, 83, 84, 85, 88, 89, 90, 91, 92, 93, 94, 95, 96, 97, 100, 102, 105, 124, 125, 126, 127, 129, 130, 131, 132, 133, 136, 137, 138, 141, 142, 143, 144, 147, 183, 184, 185, 192, 193, 194, 195, 198, 199, 200, 201, 202, 205, 206, 207, 210, 211, 212, 213, 214, 215, 219, 220, 222, 223, 224, 226, 227, 228, 231, 253, 254, 256, 257, 258, 261, 264, 265, 266, 268, 271, 272, 273, 274, 275, 276, 277, 278, 281, 282, 286, 287, 288, 290, 291, 292, 293, 296, 297, 310, 311, 315, 316, 329, 330, 342, 533, 540, 542, 550, 551, 552, 553, 555, 556, 557, 558, 559, 562, 563, 564, 565, 566, 567], "summary": {"covered_lines": 147, "num_statements": 184, "percent_covered": 79.8913043478261, "percent_covered_display": "80", "missing_lines": 37, "excluded_lines": 4, "percent_statements_covered": 79.8913043478261, "percent_statements_covered_display": "80"}, "missing_lines": [216, 217, 283, 284, 298, 299, 300, 301, 302, 303, 304, 305, 306, 307, 312, 317, 318, 319, 320, 321, 322, 323, 324, 325, 326, 331, 332, 333, 334, 335, 336, 337, 338, 339, 340, 560, 561], "excluded_lines": [26, 27, 32, 33]}}}, "cvextract/docx_utils.py": {"executed_lines": [1, 13, 15, 16, 17, 19, 21, 22, 26, 30, 31, 34, 43, 44, 45, 46, 47, 49, 50, 51, 52, 53, 55, 59, 60, 61, 63, 64, 65, 67, 69, 70, 71, 72, 73, 74, 75, 76, 77, 78, 79, 80, 81, 83, 84, 85, 86, 87, 89, 91, 92, 94, 95, 96, 97], "summary": {"covered_lines": 54, "num_statements": 56, "percent_covered": 96.42857142857143, "percent_covered_display": "96", "missing_lines": 2, "excluded_lines": 0, "percent_statements_covered": 96.42857142857143, "percent_statements_covered_display": "96"}, "missing_lines": [48, 66], "excluded_lines": [], "functions": {"dump_body_sample": {"executed_lines": [44, 45, 46, 47, 49, 50, 51, 52, 53], "summary": {"covered_lines": 9, "num_statements": 10, "percent_covered": 90.0, "percent_covered_display": "90", "missing_lines": 1, "excluded_lines": 0, "percent_statements_covered": 90.0, "percent_statements_covered_display": "90"}, "missing_lines": [48], "excluded_lines": []}, "iter_document_paragraphs": {"executed_lines": [59, 60, 61, 63, 64, 65, 67], "summary": {"covered_lines": 7, "num_statements": 8, "percent_covered": 87.5, "percent_covered_display": "88", "missing_lines": 1, "excluded_lines": 0, "percent_statements_covered": 87.5, "percent_statements_covered_display": "88"}, "missing_lines": [66], "excluded_lines": []}, "extract_text_from_w_p": {"executed_lines": [70, 71, 72, 73, 74, 75, 76, 77, 78, 79, 80, 81], "summary": {"covered_lines": 12, "num_statements": 12, "percent_covered": 100.0, "percent_covered_display": "100", "missing_lines": 0, "excluded_lines": 0, "percent_statements_covered": 100.0, "percent_statements_covered_display": "100"}, "missing_lines": [], "excluded_lines": []}, "_p_style": {"executed_lines": [84, 85, 86, 87], "summary": {"covered_lines": 4, "num_statements": 4, "percent_covered": 100.0, "percent_covered_display": "100", "missing_lines": 0, "excluded_lines": 0, "percent_statements_covered": 100.0, "percent_statements_covered_display": "100"}, "missing_lines": [], "excluded_lines": []}, "_p_is_bullet": {"executed_lines": [91, 92, 94, 95, 96, 97], "summary": {"covered_lines": 6, "num_statements": 6, "percent_covered": 100.0, "percent_covered_display": "100", "missing_lines": 0, "excluded_lines": 0, "percent_statements_covered": 100.0, "percent_statements_covered_display": "100"}, "missing_lines": [], "excluded_lines": []}, "": {"executed_lines": [1, 13, 15, 16, 17, 19, 21, 22, 26, 30, 31, 34, 43, 55, 69, 83, 89], "summary": {"covered_lines": 16, "num_statements": 16, "percent_covered": 100.0, "percent_covered_display": "100", "missing_lines": 0, "excluded_lines": 0, "percent_statements_covered": 100.0, "percent_statements_covered_display": "100"}, "missing_lines": [], "excluded_lines": []}}, "classes": {"": {"executed_lines": [1, 13, 15, 16, 17, 19, 21, 22, 26, 30, 31, 34, 43, 44, 45, 46, 47, 49, 50, 51, 52, 53, 55, 59, 60, 61, 63, 64, 65, 67, 69, 70, 71, 72, 73, 74, 75, 76, 77, 78, 79, 80, 81, 83, 84, 85, 86, 87, 89, 91, 92, 94, 95, 96, 97], "summary": {"covered_lines": 54, "num_statements": 56, "percent_covered": 96.42857142857143, "percent_covered_display": "96", "missing_lines": 2, "excluded_lines": 0, "percent_statements_covered": 96.42857142857143, "percent_statements_covered_display": "96"}, "missing_lines": [48, 66], "excluded_lines": []}}}, "cvextract/logging_utils.py": {"executed_lines": [1, 8, 10, 11, 13, 15, 16, 18, 21, 22, 23, 24, 27, 28, 29, 30, 36, 38, 40, 44, 45, 46, 47, 48, 49], "summary": {"covered_lines": 24, "num_statements": 24, "percent_covered": 100.0, "percent_covered_display": "100", "missing_lines": 0, "excluded_lines": 0, "percent_statements_covered": 100.0, "percent_statements_covered_display": "100"}, "missing_lines": [], "excluded_lines": [], "functions": {"setup_logging": {"executed_lines": [16, 18, 21, 22, 23, 24, 27, 28, 29, 30, 36, 38], "summary": {"covered_lines": 12, "num_statements": 12, "percent_covered": 100.0, "percent_covered_display": "100", "missing_lines": 0, "excluded_lines": 0, "percent_statements_covered": 100.0, "percent_statements_covered_display": "100"}, "missing_lines": [], "excluded_lines": []}, "fmt_issues": {"executed_lines": [44, 45, 46, 47, 48, 49], "summary": {"covered_lines": 6, "num_statements": 6, "percent_covered": 100.0, "percent_covered_display": "100", "missing_lines": 0, "excluded_lines": 0, "percent_statements_covered": 100.0, "percent_statements_covered_display": "100"}, "missing_lines": [], "excluded_lines": []}, "": {"executed_lines": [1, 8, 10, 11, 13, 15, 40], "summary": {"covered_lines": 6, "num_statements": 6, "percent_covered": 100.0, "percent_covered_display": "100", "missing_lines": 0, "excluded_lines": 0, "percent_statements_covered": 100.0, "percent_statements_covered_display": "100"}, "missing_lines": [], "excluded_lines": []}}, "classes": {"": {"executed_lines": [1, 8, 10, 11, 13, 15, 16, 18, 21, 22, 23, 24, 27, 28, 29, 30, 36, 38, 40, 44, 45, 46, 47, 48, 49], "summary": {"covered_lines": 24, "num_statements": 24, "percent_covered": 100.0, "percent_covered_display": "100", "missing_lines": 0, "excluded_lines": 0, "percent_statements_covered": 100.0, "percent_statements_covered_display": "100"}, "missing_lines": [], "excluded_lines": []}}}, "cvextract/pipeline.py": {"executed_lines": [1, 9, 11, 12, 13, 14, 15, 16, 18, 19, 20, 21, 22, 23, 24, 28, 35, 36, 37, 38, 39, 40, 42, 44, 45, 46, 47, 51, 53, 54, 55, 56, 57, 58, 59, 60, 61, 63, 69, 70, 73, 74, 77, 78, 79, 81, 82, 84, 85, 87, 88, 89, 90, 94, 95, 96, 97, 98, 99, 100, 102, 104, 105, 106, 107, 109, 111, 112, 114, 116, 117, 119, 121, 123, 125, 126, 127, 128, 129, 130, 131, 135, 136, 137, 138, 140, 142, 143, 144, 146, 147, 148, 149, 151, 153, 154, 156, 157, 158, 159, 161, 162, 167, 169, 170, 171, 172, 173, 174, 175, 176, 178, 179, 181, 182, 185, 186, 187, 188, 191, 192, 193, 196, 197, 198, 199, 200, 201, 202, 203, 205, 206, 207, 208, 209, 210, 211, 212, 214, 215, 216, 217, 219, 220, 221, 222, 223, 224, 226, 227, 229, 230, 231, 232, 234, 242, 243, 244, 246, 248, 249, 251, 252, 253, 254, 256, 257, 262, 263, 264, 265, 267, 268, 269, 270, 271, 272, 274, 276, 277, 278, 280, 281, 282, 283, 284, 286, 288, 289, 290, 291, 292, 293, 294, 295, 297, 298, 299, 300, 301, 302, 303, 304, 305, 306, 307, 309, 310, 311, 312, 313, 315, 324, 325, 327, 328, 330, 332, 333, 338], "summary": {"covered_lines": 219, "num_statements": 222, "percent_covered": 98.64864864864865, "percent_covered_display": "99", "missing_lines": 3, "excluded_lines": 0, "percent_statements_covered": 98.64864864864865, "percent_statements_covered_display": "99"}, "missing_lines": [91, 92, 183], "excluded_lines": [], "functions": {"infer_source_root": {"executed_lines": [35, 36, 37, 38, 39, 40], "summary": {"covered_lines": 6, "num_statements": 6, "percent_covered": 100.0, "percent_covered_display": "100", "missing_lines": 0, "excluded_lines": 0, "percent_statements_covered": 100.0, "percent_statements_covered_display": "100"}, "missing_lines": [], "excluded_lines": []}, "safe_relpath": {"executed_lines": [44, 45, 46, 47], "summary": {"covered_lines": 4, "num_statements": 4, "percent_covered": 100.0, "percent_covered_display": "100", "missing_lines": 0, "excluded_lines": 0, "percent_statements_covered": 100.0, "percent_statements_covered_display": "100"}, "missing_lines": [], "excluded_lines": []}, "_extract_single": {"executed_lines": [53, 54, 55, 56, 57, 58, 59, 60, 61], "summary": {"covered_lines": 9, "num_statements": 9, "percent_covered": 100.0, "percent_covered_display": "100", "missing_lines": 0, "excluded_lines": 0, "percent_statements_covered": 100.0, "percent_statements_covered_display": "100"}, "missing_lines": [], "excluded_lines": []}, "_render_and_verify": {"executed_lines": [69, 70, 73, 74, 77, 78, 79, 81, 82, 84, 85, 87, 88, 89, 90, 94, 95, 96, 97, 98, 99, 100], "summary": {"covered_lines": 22, "num_statements": 24, "percent_covered": 91.66666666666667, "percent_covered_display": "92", "missing_lines": 2, "excluded_lines": 0, "percent_statements_covered": 91.66666666666667, "percent_statements_covered_display": "92"}, "missing_lines": [91, 92], "excluded_lines": []}, "_get_status_icons": {"executed_lines": [104, 105, 106, 107, 109, 111, 112, 114, 116, 117, 119, 121], "summary": {"covered_lines": 12, "num_statements": 12, "percent_covered": 100.0, "percent_covered_display": "100", "missing_lines": 0, "excluded_lines": 0, "percent_statements_covered": 100.0, "percent_statements_covered_display": "100"}, "missing_lines": [], "excluded_lines": []}, "_categorize_result": {"executed_lines": [125, 126, 127, 128, 129, 130, 131], "summary": {"covered_lines": 7, "num_statements": 7, "percent_covered": 100.0, "percent_covered_display": "100", "missing_lines": 0, "excluded_lines": 0, "percent_statements_covered": 100.0, "percent_statements_covered_display": "100"}, "missing_lines": [], "excluded_lines": []}, "run_extract_mode": {"executed_lines": [136, 137, 138, 140, 142, 143, 144, 146, 147, 148, 149, 151, 153, 154, 156, 157, 158, 159, 161, 162, 167], "summary": {"covered_lines": 21, "num_statements": 21, "percent_covered": 100.0, "percent_covered_display": "100", "missing_lines": 0, "excluded_lines": 0, "percent_statements_covered": 100.0, "percent_statements_covered_display": "100"}, "missing_lines": [], "excluded_lines": []}, "run_extract_apply_mode": {"executed_lines": [170, 171, 172, 173, 174, 175, 176, 178, 179, 181, 182, 185, 186, 187, 188, 191, 192, 193, 196, 197, 198, 199, 200, 201, 202, 203, 205, 206, 207, 208, 209, 210, 211, 212, 214, 215, 216, 217, 219, 220, 221, 222, 223, 224, 226, 227, 229, 230, 231, 232, 234, 242, 243, 244, 246, 248, 249, 251, 252, 253, 254, 256, 257, 262, 263, 264, 265], "summary": {"covered_lines": 67, "num_statements": 68, "percent_covered": 98.52941176470588, "percent_covered_display": "99", "missing_lines": 1, "excluded_lines": 0, "percent_statements_covered": 98.52941176470588, "percent_statements_covered_display": "99"}, "missing_lines": [183], "excluded_lines": []}, "run_apply_mode": {"executed_lines": [268, 269, 270, 271, 272, 274, 276, 277, 278, 280, 281, 282, 283, 284, 286, 288, 289, 290, 291, 292, 293, 294, 295, 297, 298, 299, 300, 301, 302, 303, 304, 305, 306, 307, 309, 310, 311, 312, 313, 315, 324, 325, 327, 328, 330, 332, 333, 338], "summary": {"covered_lines": 48, "num_statements": 48, "percent_covered": 100.0, "percent_covered_display": "100", "missing_lines": 0, "excluded_lines": 0, "percent_statements_covered": 100.0, "percent_statements_covered_display": "100"}, "missing_lines": [], "excluded_lines": []}, "": {"executed_lines": [1, 9, 11, 12, 13, 14, 15, 16, 18, 19, 20, 21, 22, 23, 24, 28, 42, 51, 63, 102, 123, 135, 169, 267], "summary": {"covered_lines": 23, "num_statements": 23, "percent_covered": 100.0, "percent_covered_display": "100", "missing_lines": 0, "excluded_lines": 0, "percent_statements_covered": 100.0, "percent_statements_covered_display": "100"}, "missing_lines": [], "excluded_lines": []}}, "classes": {"": {"executed_lines": [1, 9, 11, 12, 13, 14, 15, 16, 18, 19, 20, 21, 22, 23, 24, 28, 35, 36, 37, 38, 39, 40, 42, 44, 45, 46, 47, 51, 53, 54, 55, 56, 57, 58, 59, 60, 61, 63, 69, 70, 73, 74, 77, 78, 79, 81, 82, 84, 85, 87, 88, 89, 90, 94, 95, 96, 97, 98, 99, 100, 102, 104, 105, 106, 107, 109, 111, 112, 114, 116, 117, 119, 121, 123, 125, 126, 127, 128, 129, 130, 131, 135, 136, 137, 138, 140, 142, 143, 144, 146, 147, 148, 149, 151, 153, 154, 156, 157, 158, 159, 161, 162, 167, 169, 170, 171, 172, 173, 174, 175, 176, 178, 179, 181, 182, 185, 186, 187, 188, 191, 192, 193, 196, 197, 198, 199, 200, 201, 202, 203, 205, 206, 207, 208, 209, 210, 211, 212, 214, 215, 216, 217, 219, 220, 221, 222, 223, 224, 226, 227, 229, 230, 231, 232, 234, 242, 243, 244, 246, 248, 249, 251, 252, 253, 254, 256, 257, 262, 263, 264, 265, 267, 268, 269, 270, 271, 272, 274, 276, 277, 278, 280, 281, 282, 283, 284, 286, 288, 289, 290, 291, 292, 293, 294, 295, 297, 298, 299, 300, 301, 302, 303, 304, 305, 306, 307, 309, 310, 311, 312, 313, 315, 324, 325, 327, 328, 330, 332, 333, 338], "summary": {"covered_lines": 219, "num_statements": 222, "percent_covered": 98.64864864864865, "percent_covered_display": "99", "missing_lines": 3, "excluded_lines": 0, "percent_statements_covered": 98.64864864864865, "percent_statements_covered_display": "99"}, "missing_lines": [91, 92, 183], "excluded_lines": []}}}, "cvextract/pipeline_highlevel.py": {"executed_lines": [1, 8, 10, 11, 12, 13, 15, 16, 21, 22, 23, 24, 25, 26, 28, 29, 36, 37, 38, 39, 40, 41, 43, 44, 53, 54, 55, 56, 58, 65, 67, 69, 70, 71, 72, 74], "summary": {"covered_lines": 35, "num_statements": 35, "percent_covered": 100.0, "percent_covered_display": "100", "missing_lines": 0, "excluded_lines": 0, "percent_statements_covered": 100.0, "percent_statements_covered_display": "100"}, "missing_lines": [], "excluded_lines": [], "functions": {"Identity.as_dict": {"executed_lines": [29], "summary": {"covered_lines": 1, "num_statements": 1, "percent_covered": 100.0, "percent_covered_display": "100", "missing_lines": 0, "excluded_lines": 0, "percent_statements_covered": 100.0, "percent_statements_covered_display": "100"}, "missing_lines": [], "excluded_lines": []}, "ExperienceBuilder.finalize": {"executed_lines": [44], "summary": {"covered_lines": 1, "num_statements": 1, "percent_covered": 100.0, "percent_covered_display": "100", "missing_lines": 0, "excluded_lines": 0, "percent_statements_covered": 100.0, "percent_statements_covered_display": "100"}, "missing_lines": [], "excluded_lines": []}, "extract_cv_structure": {"executed_lines": [54, 55, 56, 58], "summary": {"covered_lines": 4, "num_statements": 4, "percent_covered": 100.0, "percent_covered_display": "100", "missing_lines": 0, "excluded_lines": 0, "percent_statements_covered": 100.0, "percent_statements_covered_display": "100"}, "missing_lines": [], "excluded_lines": []}, "process_single_docx": {"executed_lines": [67, 69, 70, 71, 72, 74], "summary": {"covered_lines": 6, "num_statements": 6, "percent_covered": 100.0, "percent_covered_display": "100", "missing_lines": 0, "excluded_lines": 0, "percent_statements_covered": 100.0, "percent_statements_covered_display": "100"}, "missing_lines": [], "excluded_lines": []}, "": {"executed_lines": [1, 8, 10, 11, 12, 13, 15, 16, 21, 22, 23, 24, 25, 26, 28, 36, 37, 38, 39, 40, 41, 43, 53, 65], "summary": {"covered_lines": 23, "num_statements": 23, "percent_covered": 100.0, "percent_covered_display": "100", "missing_lines": 0, "excluded_lines": 0, "percent_statements_covered": 100.0, "percent_statements_covered_display": "100"}, "missing_lines": [], "excluded_lines": []}}, "classes": {"Identity": {"executed_lines": [29], "summary": {"covered_lines": 1, "num_statements": 1, "percent_covered": 100.0, "percent_covered_display": "100", "missing_lines": 0, "excluded_lines": 0, "percent_statements_covered": 100.0, "percent_statements_covered_display": "100"}, "missing_lines": [], "excluded_lines": []}, "ExperienceBuilder": {"executed_lines": [44], "summary": {"covered_lines": 1, "num_statements": 1, "percent_covered": 100.0, "percent_covered_display": "100", "missing_lines": 0, "excluded_lines": 0, "percent_statements_covered": 100.0, "percent_statements_covered_display": "100"}, "missing_lines": [], "excluded_lines": []}, "": {"executed_lines": [1, 8, 10, 11, 12, 13, 15, 16, 21, 22, 23, 24, 25, 26, 28, 36, 37, 38, 39, 40, 41, 43, 53, 54, 55, 56, 58, 65, 67, 69, 70, 71, 72, 74], "summary": {"covered_lines": 33, "num_statements": 33, "percent_covered": 100.0, "percent_covered_display": "100", "missing_lines": 0, "excluded_lines": 0, "percent_statements_covered": 100.0, "percent_statements_covered_display": "100"}, "missing_lines": [], "excluded_lines": []}}}, "cvextract/render.py": {"executed_lines": [1, 8, 10, 11, 13, 17, 21, 22, 23, 25, 27, 28, 30, 31, 32], "summary": {"covered_lines": 14, "num_statements": 14, "percent_covered": 100.0, "percent_covered_display": "100", "missing_lines": 0, "excluded_lines": 0, "percent_statements_covered": 100.0, "percent_statements_covered_display": "100"}, "missing_lines": [], "excluded_lines": [], "functions": {"render_from_json": {"executed_lines": [22, 23, 25, 27, 28, 30, 31, 32], "summary": {"covered_lines": 8, "num_statements": 8, "percent_covered": 100.0, "percent_covered_display": "100", "missing_lines": 0, "excluded_lines": 0, "percent_statements_covered": 100.0, "percent_statements_covered_display": "100"}, "missing_lines": [], "excluded_lines": []}, "": {"executed_lines": [1, 8, 10, 11, 13, 17, 21], "summary": {"covered_lines": 6, "num_statements": 6, "percent_covered": 100.0, "percent_covered_display": "100", "missing_lines": 0, "excluded_lines": 0, "percent_statements_covered": 100.0, "percent_statements_covered_display": "100"}, "missing_lines": [], "excluded_lines": []}}, "classes": {"": {"executed_lines": [1, 8, 10, 11, 13, 17, 21, 22, 23, 25, 27, 28, 30, 31, 32], "summary": {"covered_lines": 14, "num_statements": 14, "percent_covered": 100.0, "percent_covered_display": "100", "missing_lines": 0, "excluded_lines": 0, "percent_statements_covered": 100.0, "percent_statements_covered_display": "100"}, "missing_lines": [], "excluded_lines": []}}}, "cvextract/shared.py": {"executed_lines": [1, 8, 10, 12, 13, 15, 16, 17, 18, 19, 20, 22, 23, 30, 31, 32, 33, 34, 35, 37, 38, 45, 46, 47, 48, 49, 53, 55, 64, 65, 66, 67, 75, 76, 78, 86, 87, 88, 89, 90, 92, 94, 95, 96, 98, 104, 105, 106, 107, 108, 109, 110, 111, 112, 113], "summary": {"covered_lines": 54, "num_statements": 54, "percent_covered": 100.0, "percent_covered_display": "100", "missing_lines": 0, "excluded_lines": 0, "percent_statements_covered": 100.0, "percent_statements_covered_display": "100"}, "missing_lines": [], "excluded_lines": [], "functions": {"Identity.as_dict": {"executed_lines": [23], "summary": {"covered_lines": 1, "num_statements": 1, "percent_covered": 100.0, "percent_covered_display": "100", "missing_lines": 0, "excluded_lines": 0, "percent_statements_covered": 100.0, "percent_statements_covered_display": "100"}, "missing_lines": [], "excluded_lines": []}, "ExperienceBuilder.finalize": {"executed_lines": [38], "summary": {"covered_lines": 1, "num_statements": 1, "percent_covered": 100.0, "percent_covered_display": "100", "missing_lines": 0, "excluded_lines": 0, "percent_statements_covered": 100.0, "percent_statements_covered_display": "100"}, "missing_lines": [], "excluded_lines": []}, "_strip_invalid_xml_1_0_chars": {"executed_lines": [64, 65, 66, 67, 75, 76], "summary": {"covered_lines": 6, "num_statements": 6, "percent_covered": 100.0, "percent_covered_display": "100", "missing_lines": 0, "excluded_lines": 0, "percent_statements_covered": 100.0, "percent_statements_covered_display": "100"}, "missing_lines": [], "excluded_lines": []}, "normalize_text_for_processing": {"executed_lines": [86, 87, 88, 89, 90], "summary": {"covered_lines": 5, "num_statements": 5, "percent_covered": 100.0, "percent_covered_display": "100", "missing_lines": 0, "excluded_lines": 0, "percent_statements_covered": 100.0, "percent_statements_covered_display": "100"}, "missing_lines": [], "excluded_lines": []}, "clean_text": {"executed_lines": [94, 95, 96], "summary": {"covered_lines": 3, "num_statements": 3, "percent_covered": 100.0, "percent_covered_display": "100", "missing_lines": 0, "excluded_lines": 0, "percent_statements_covered": 100.0, "percent_statements_covered_display": "100"}, "missing_lines": [], "excluded_lines": []}, "sanitize_for_xml_in_obj": {"executed_lines": [104, 113], "summary": {"covered_lines": 2, "num_statements": 2, "percent_covered": 100.0, "percent_covered_display": "100", "missing_lines": 0, "excluded_lines": 0, "percent_statements_covered": 100.0, "percent_statements_covered_display": "100"}, "missing_lines": [], "excluded_lines": []}, "sanitize_for_xml_in_obj._sanitize": {"executed_lines": [105, 106, 107, 108, 109, 110, 111, 112], "summary": {"covered_lines": 8, "num_statements": 8, "percent_covered": 100.0, "percent_covered_display": "100", "missing_lines": 0, "excluded_lines": 0, "percent_statements_covered": 100.0, "percent_statements_covered_display": "100"}, "missing_lines": [], "excluded_lines": []}, "": {"executed_lines": [1, 8, 10, 12, 13, 15, 16, 17, 18, 19, 20, 22, 30, 31, 32, 33, 34, 35, 37, 45, 46, 47, 48, 49, 53, 55, 78, 92, 98], "summary": {"covered_lines": 28, "num_statements": 28, "percent_covered": 100.0, "percent_covered_display": "100", "missing_lines": 0, "excluded_lines": 0, "percent_statements_covered": 100.0, "percent_statements_covered_display": "100"}, "missing_lines": [], "excluded_lines": []}}, "classes": {"Identity": {"executed_lines": [23], "summary": {"covered_lines": 1, "num_statements": 1, "percent_covered": 100.0, "percent_covered_display": "100", "missing_lines": 0, "excluded_lines": 0, "percent_statements_covered": 100.0, "percent_statements_covered_display": "100"}, "missing_lines": [], "excluded_lines": []}, "ExperienceBuilder": {"executed_lines": [38], "summary": {"covered_lines": 1, "num_statements": 1, "percent_covered": 100.0, "percent_covered_display": "100", "missing_lines": 0, "excluded_lines": 0, "percent_statements_covered": 100.0, "percent_statements_covered_display": "100"}, "missing_lines": [], "excluded_lines": []}, "VerificationResult": {"executed_lines": [], "summary": {"covered_lines": 0, "num_statements": 0, "percent_covered": 100.0, "percent_covered_display": "100", "missing_lines": 0, "excluded_lines": 0, "percent_statements_covered": 100.0, "percent_statements_covered_display": "100"}, "missing_lines": [], "excluded_lines": []}, "": {"executed_lines": [1, 8, 10, 12, 13, 15, 16, 17, 18, 19, 20, 22, 30, 31, 32, 33, 34, 35, 37, 45, 46, 47, 48, 49, 53, 55, 64, 65, 66, 67, 75, 76, 78, 86, 87, 88, 89, 90, 92, 94, 95, 96, 98, 104, 105, 106, 107, 108, 109, 110, 111, 112, 113], "summary": {"covered_lines": 52, "num_statements": 52, "percent_covered": 100.0, "percent_covered_display": "100", "missing_lines": 0, "excluded_lines": 0, "percent_statements_covered": 100.0, "percent_statements_covered_display": "100"}, "missing_lines": [], "excluded_lines": []}}}, "cvextract/sidebar_parser.py": {"executed_lines": [1, 9, 11, 12, 13, 14, 16, 17, 18, 22, 29, 30, 33, 42, 47, 58, 59, 60, 63, 65, 66, 67, 68, 69, 70, 71, 73, 81, 83, 84, 85, 87, 88, 89, 90, 92, 94, 95, 96, 97, 98, 99, 101, 103, 105, 111, 114, 115, 116, 117, 118, 119, 120, 121, 124, 125, 126, 127, 128, 129, 130, 131, 132, 134, 136, 141, 142, 143, 144, 145, 146, 147, 149, 150, 151, 152, 153, 154, 155, 157, 163, 166, 168, 169, 172, 173, 174, 179, 180, 181, 182, 183, 184, 186, 187, 188, 189, 191, 194, 195, 196, 197, 198, 199, 200, 201, 203, 204, 206, 207, 209, 210, 211, 213, 221, 222, 225, 226, 227, 229, 230, 231, 232, 234, 235, 237, 239, 240, 241, 243, 244, 245, 247, 249, 250, 252, 253], "summary": {"covered_lines": 136, "num_statements": 137, "percent_covered": 99.27007299270073, "percent_covered_display": "99", "missing_lines": 1, "excluded_lines": 0, "percent_statements_covered": 99.27007299270073, "percent_statements_covered_display": "99"}, "missing_lines": [185], "excluded_lines": [], "functions": {"_normalize_heading": {"executed_lines": [59, 60], "summary": {"covered_lines": 2, "num_statements": 2, "percent_covered": 100.0, "percent_covered_display": "100", "missing_lines": 0, "excluded_lines": 0, "percent_statements_covered": 100.0, "percent_statements_covered_display": "100"}, "missing_lines": [], "excluded_lines": []}, "_iter_heading_positions": {"executed_lines": [65, 66, 67, 68, 69, 70, 71], "summary": {"covered_lines": 7, "num_statements": 7, "percent_covered": 100.0, "percent_covered_display": "100", "missing_lines": 0, "excluded_lines": 0, "percent_statements_covered": 100.0, "percent_statements_covered_display": "100"}, "missing_lines": [], "excluded_lines": []}, "_normalize_sidebar_sections": {"executed_lines": [81, 83, 84, 85, 87, 88, 89, 90, 92, 94, 95, 96, 97, 98, 99, 101, 103], "summary": {"covered_lines": 17, "num_statements": 17, "percent_covered": 100.0, "percent_covered_display": "100", "missing_lines": 0, "excluded_lines": 0, "percent_statements_covered": 100.0, "percent_statements_covered_display": "100"}, "missing_lines": [], "excluded_lines": []}, "_extract_paragraph_texts": {"executed_lines": [111, 114, 115, 116, 117, 118, 119, 120, 121, 124, 125, 126, 127, 128, 129, 130, 131, 132, 134], "summary": {"covered_lines": 19, "num_statements": 19, "percent_covered": 100.0, "percent_covered_display": "100", "missing_lines": 0, "excluded_lines": 0, "percent_statements_covered": 100.0, "percent_statements_covered_display": "100"}, "missing_lines": [], "excluded_lines": []}, "extract_all_header_paragraphs": {"executed_lines": [141, 142, 143, 144, 145, 146, 147, 149, 150, 151, 152, 153, 154, 155], "summary": {"covered_lines": 14, "num_statements": 14, "percent_covered": 100.0, "percent_covered_display": "100", "missing_lines": 0, "excluded_lines": 0, "percent_statements_covered": 100.0, "percent_statements_covered_display": "100"}, "missing_lines": [], "excluded_lines": []}, "split_identity_and_sidebar": {"executed_lines": [163, 166, 168, 169, 172, 173, 174, 179, 191, 194, 195, 196, 197, 198, 199, 200, 201, 203, 204, 206, 207, 209, 210, 211, 213, 221, 222, 225, 226, 227, 229, 230, 231, 232, 234, 235, 237, 239, 240, 241, 243, 244, 245, 247, 249, 250, 252, 253], "summary": {"covered_lines": 48, "num_statements": 48, "percent_covered": 100.0, "percent_covered_display": "100", "missing_lines": 0, "excluded_lines": 0, "percent_statements_covered": 100.0, "percent_statements_covered_display": "100"}, "missing_lines": [], "excluded_lines": []}, "split_identity_and_sidebar._unique_lines": {"executed_lines": [180, 181, 182, 183, 184, 186, 187, 188, 189], "summary": {"covered_lines": 9, "num_statements": 10, "percent_covered": 90.0, "percent_covered_display": "90", "missing_lines": 1, "excluded_lines": 0, "percent_statements_covered": 90.0, "percent_statements_covered_display": "90"}, "missing_lines": [185], "excluded_lines": []}, "": {"executed_lines": [1, 9, 11, 12, 13, 14, 16, 17, 18, 22, 29, 30, 33, 42, 47, 58, 63, 73, 105, 136, 157], "summary": {"covered_lines": 20, "num_statements": 20, "percent_covered": 100.0, "percent_covered_display": "100", "missing_lines": 0, "excluded_lines": 0, "percent_statements_covered": 100.0, "percent_statements_covered_display": "100"}, "missing_lines": [], "excluded_lines": []}}, "classes": {"": {"executed_lines": [1, 9, 11, 12, 13, 14, 16, 17, 18, 22, 29, 30, 33, 42, 47, 58, 59, 60, 63, 65, 66, 67, 68, 69, 70, 71, 73, 81, 83, 84, 85, 87, 88, 89, 90, 92, 94, 95, 96, 97, 98, 99, 101, 103, 105, 111, 114, 115, 116, 117, 118, 119, 120, 121, 124, 125, 126, 127, 128, 129, 130, 131, 132, 134, 136, 141, 142, 143, 144, 145, 146, 147, 149, 150, 151, 152, 153, 154, 155, 157, 163, 166, 168, 169, 172, 173, 174, 179, 180, 181, 182, 183, 184, 186, 187, 188, 189, 191, 194, 195, 196, 197, 198, 199, 200, 201, 203, 204, 206, 207, 209, 210, 211, 213, 221, 222, 225, 226, 227, 229, 230, 231, 232, 234, 235, 237, 239, 240, 241, 243, 244, 245, 247, 249, 250, 252, 253], "summary": {"covered_lines": 136, "num_statements": 137, "percent_covered": 99.27007299270073, "percent_covered_display": "99", "missing_lines": 1, "excluded_lines": 0, "percent_statements_covered": 99.27007299270073, "percent_statements_covered_display": "99"}, "missing_lines": [185], "excluded_lines": []}}}, "cvextract/verification.py": {"executed_lines": [1, 4, 6, 7, 8, 9, 10, 12, 16, 21, 22, 24, 25, 26, 28, 30, 31, 32, 35, 36, 37, 38, 40, 41, 42, 44, 45, 46, 47, 48, 49, 50, 51, 52, 53, 54, 55, 56, 57, 58, 59, 60, 61, 63, 64, 66, 67, 69, 70, 74, 75, 76, 77, 80, 82, 83, 84, 85, 86, 87, 88, 89, 91, 92, 95, 96, 99, 101, 102, 103, 105, 106, 107, 108, 109, 110, 111, 112, 113, 114, 116, 117, 118, 119, 120, 121, 122, 123, 124, 125, 126, 127, 128, 131, 132, 135, 137, 138, 139, 142, 143, 144, 145, 146, 147], "summary": {"covered_lines": 104, "num_statements": 104, "percent_covered": 100.0, "percent_covered_display": "100", "missing_lines": 0, "excluded_lines": 0, "percent_statements_covered": 100.0, "percent_statements_covered_display": "100"}, "missing_lines": [], "excluded_lines": [], "functions": {"verify_extracted_data": {"executed_lines": [21, 22, 24, 25, 26, 28, 30, 31, 32, 35, 36, 37, 38, 40, 41, 42, 44, 45, 46, 47, 48, 49, 50, 51, 52, 53, 54, 55, 56, 57, 58, 59, 60, 61, 63, 64, 66, 67, 69, 70], "summary": {"covered_lines": 40, "num_statements": 40, "percent_covered": 100.0, "percent_covered_display": "100", "missing_lines": 0, "excluded_lines": 0, "percent_statements_covered": 100.0, "percent_statements_covered_display": "100"}, "missing_lines": [], "excluded_lines": []}, "_normalize_environment_list": {"executed_lines": [82, 83, 84, 85, 86, 87, 88, 89, 91, 92], "summary": {"covered_lines": 10, "num_statements": 10, "percent_covered": 100.0, "percent_covered_display": "100", "missing_lines": 0, "excluded_lines": 0, "percent_statements_covered": 100.0, "percent_statements_covered_display": "100"}, "missing_lines": [], "excluded_lines": []}, "_is_environment_path": {"executed_lines": [96], "summary": {"covered_lines": 1, "num_statements": 1, "percent_covered": 100.0, "percent_covered_display": "100", "missing_lines": 0, "excluded_lines": 0, "percent_statements_covered": 100.0, "percent_statements_covered_display": "100"}, "missing_lines": [], "excluded_lines": []}, "_diff": {"executed_lines": [101, 102, 103, 105, 106, 107, 108, 109, 110, 111, 112, 113, 114, 116, 117, 118, 119, 120, 121, 122, 123, 124, 125, 126, 127, 128, 131, 132], "summary": {"covered_lines": 28, "num_statements": 28, "percent_covered": 100.0, "percent_covered_display": "100", "missing_lines": 0, "excluded_lines": 0, "percent_statements_covered": 100.0, "percent_statements_covered_display": "100"}, "missing_lines": [], "excluded_lines": []}, "compare_data_structures": {"executed_lines": [137, 138, 139], "summary": {"covered_lines": 3, "num_statements": 3, "percent_covered": 100.0, "percent_covered_display": "100", "missing_lines": 0, "excluded_lines": 0, "percent_statements_covered": 100.0, "percent_statements_covered_display": "100"}, "missing_lines": [], "excluded_lines": []}, "compare_json_files": {"executed_lines": [143, 144, 145, 146, 147], "summary": {"covered_lines": 5, "num_statements": 5, "percent_covered": 100.0, "percent_covered_display": "100", "missing_lines": 0, "excluded_lines": 0, "percent_statements_covered": 100.0, "percent_statements_covered_display": "100"}, "missing_lines": [], "excluded_lines": []}, "": {"executed_lines": [1, 4, 6, 7, 8, 9, 10, 12, 16, 74, 75, 76, 77, 80, 95, 99, 135, 142], "summary": {"covered_lines": 17, "num_statements": 17, "percent_covered": 100.0, "percent_covered_display": "100", "missing_lines": 0, "excluded_lines": 0, "percent_statements_covered": 100.0, "percent_statements_covered_display": "100"}, "missing_lines": [], "excluded_lines": []}}, "classes": {"DiffResult": {"executed_lines": [], "summary": {"covered_lines": 0, "num_statements": 0, "percent_covered": 100.0, "percent_covered_display": "100", "missing_lines": 0, "excluded_lines": 0, "percent_statements_covered": 100.0, "percent_statements_covered_display": "100"}, "missing_lines": [], "excluded_lines": []}, "": {"executed_lines": [1, 4, 6, 7, 8, 9, 10, 12, 16, 21, 22, 24, 25, 26, 28, 30, 31, 32, 35, 36, 37, 38, 40, 41, 42, 44, 45, 46, 47, 48, 49, 50, 51, 52, 53, 54, 55, 56, 57, 58, 59, 60, 61, 63, 64, 66, 67, 69, 70, 74, 75, 76, 77, 80, 82, 83, 84, 85, 86, 87, 88, 89, 91, 92, 95, 96, 99, 101, 102, 103, 105, 106, 107, 108, 109, 110, 111, 112, 113, 114, 116, 117, 118, 119, 120, 121, 122, 123, 124, 125, 126, 127, 128, 131, 132, 135, 137, 138, 139, 142, 143, 144, 145, 146, 147], "summary": {"covered_lines": 104, "num_statements": 104, "percent_covered": 100.0, "percent_covered_display": "100", "missing_lines": 0, "excluded_lines": 0, "percent_statements_covered": 100.0, "percent_statements_covered_display": "100"}, "missing_lines": [], "excluded_lines": []}}}}, "totals": {"covered_lines": 916, "num_statements": 962, "percent_covered": 95.21829521829522, "percent_covered_display": "95", "missing_lines": 46, "excluded_lines": 4, "percent_statements_covered": 95.21829521829522, "percent_statements_covered_display": "95"}}